[kivy ] [INFO    ] :: 2022-12-31 00:50:46,566 - Factory: 190 symbols loaded
[kivy ] [INFO    ] :: 2022-12-31 00:50:46,645 - Image: Providers: img_tex, img_dds, img_sdl2, img_pil (img_ffpyplayer ignored)
[kivy ] [INFO    ] :: 2022-12-31 00:50:46,677 - Window: Provider: sdl2
[kivy ] [INFO    ] :: 2022-12-31 00:50:47,250 - GL: Using the "OpenGL" graphics system
[kivy ] [INFO    ] :: 2022-12-31 00:50:47,251 - GL: GLEW initialization succeeded
[kivy ] [INFO    ] :: 2022-12-31 00:50:47,251 - GL: Backend used <glew>
[kivy ] [INFO    ] :: 2022-12-31 00:50:47,251 - GL: OpenGL version <b'4.6.14800 Compatibility Profile Context 22.5.1 30.0.15021.11005'>
[kivy ] [INFO    ] :: 2022-12-31 00:50:47,252 - GL: OpenGL vendor <b'ATI Technologies Inc.'>
[kivy ] [INFO    ] :: 2022-12-31 00:50:47,252 - GL: OpenGL renderer <b'AMD Radeon RX 6700 XT'>
[kivy ] [INFO    ] :: 2022-12-31 00:50:47,252 - GL: OpenGL parsed version: 4, 6
[kivy ] [INFO    ] :: 2022-12-31 00:50:47,252 - GL: Shading version <b'4.60'>
[kivy ] [INFO    ] :: 2022-12-31 00:50:47,252 - GL: Texture max size <16384>
[kivy ] [INFO    ] :: 2022-12-31 00:50:47,252 - GL: Texture max units <32>
[kivy ] [INFO    ] :: 2022-12-31 00:50:47,259 - Window: auto add sdl2 input provider
[kivy ] [INFO    ] :: 2022-12-31 00:50:47,260 - Window: virtual keyboard not allowed, single mode, not docked
[kivy ] [INFO    ] :: 2022-12-31 00:50:47,269 - Text: Provider: sdl2
[kivy ] [INFO    ] :: 2022-12-31 00:50:47,277 - Starting Database
[kivy ] [INFO    ] :: 2022-12-31 00:50:47,277 - Connecting to user_db
[kivy ] [INFO    ] :: 2022-12-31 00:50:47,294 - GL: NPOT texture support is available
[kivy ] [INFO    ] :: 2022-12-31 00:50:47,457 - Base: Start application main loop
[kivy ] [INFO    ] :: 2022-12-31 00:57:41,788 - Base: Leaving application in progress...
[kivy ] [WARNING ] :: 2022-12-31 00:57:41,788 - stderr: Traceback (most recent call last):
[kivy ] [WARNING ] :: 2022-12-31 00:57:41,788 - stderr:   File "C:\Users\jacob\PycharmProjects\PyCalendar\main.py", line 46, in <module>
[kivy ] [WARNING ] :: 2022-12-31 00:57:41,788 - stderr:     gui.run()
[kivy ] [WARNING ] :: 2022-12-31 00:57:41,788 - stderr:   File "C:\Users\jacob\PycharmProjects\PyCalendar\venv\Lib\site-packages\kivy\app.py", line 956, in run
[kivy ] [WARNING ] :: 2022-12-31 00:57:41,789 - stderr:     runTouchApp()
[kivy ] [WARNING ] :: 2022-12-31 00:57:41,789 - stderr:   File "C:\Users\jacob\PycharmProjects\PyCalendar\venv\Lib\site-packages\kivy\base.py", line 574, in runTouchApp
[kivy ] [WARNING ] :: 2022-12-31 00:57:41,789 - stderr:     EventLoop.mainloop()
[kivy ] [WARNING ] :: 2022-12-31 00:57:41,789 - stderr:   File "C:\Users\jacob\PycharmProjects\PyCalendar\venv\Lib\site-packages\kivy\base.py", line 339, in mainloop
[kivy ] [WARNING ] :: 2022-12-31 00:57:41,790 - stderr:     self.idle()
[kivy ] [WARNING ] :: 2022-12-31 00:57:41,790 - stderr:   File "C:\Users\jacob\PycharmProjects\PyCalendar\venv\Lib\site-packages\kivy\base.py", line 379, in idle
[kivy ] [WARNING ] :: 2022-12-31 00:57:41,790 - stderr:     Clock.tick()
[kivy ] [WARNING ] :: 2022-12-31 00:57:41,790 - stderr:   File "C:\Users\jacob\PycharmProjects\PyCalendar\venv\Lib\site-packages\kivy\clock.py", line 733, in tick
[kivy ] [WARNING ] :: 2022-12-31 00:57:41,790 - stderr:     self.post_idle(ts, self.idle())
[kivy ] [WARNING ] :: 2022-12-31 00:57:41,791 - stderr:                        ^^^^^^^^^^^
[kivy ] [WARNING ] :: 2022-12-31 00:57:41,791 - stderr:   File "C:\Users\jacob\PycharmProjects\PyCalendar\venv\Lib\site-packages\kivy\clock.py", line 689, in idle
[kivy ] [WARNING ] :: 2022-12-31 00:57:41,791 - stderr:     usleep(1000000 * sleeptime)
[kivy ] [WARNING ] :: 2022-12-31 00:57:41,791 - stderr:   File "C:\Users\jacob\PycharmProjects\PyCalendar\venv\Lib\site-packages\kivy\clock.py", line 965, in usleep
[kivy ] [WARNING ] :: 2022-12-31 00:57:41,792 - stderr:     _usleep(microseconds, self._sleep_obj)
[kivy ] [WARNING ] :: 2022-12-31 00:57:41,792 - stderr:   File "C:\Users\jacob\PycharmProjects\PyCalendar\venv\Lib\site-packages\kivy\clock.py", line 504, in _usleep
[kivy ] [WARNING ] :: 2022-12-31 00:57:41,792 - stderr:     _kernel32.WaitForSingleObject(obj, 0xffffffff)
[kivy ] [WARNING ] :: 2022-12-31 00:57:41,793 - stderr: KeyboardInterrupt
