[INFO    ] [kivy ] :: 2022-12-31 01:20:16,023 - Factory: 190 symbols loaded
[INFO    ] [kivy ] :: 2022-12-31 01:20:16,103 - Image: Providers: img_tex, img_dds, img_sdl2, img_pil (img_ffpyplayer ignored)
[INFO    ] [kivy ] :: 2022-12-31 01:20:16,135 - Window: Provider: sdl2
[INFO    ] [kivy ] :: 2022-12-31 01:20:16,736 - GL: Using the "OpenGL" graphics system
[INFO    ] [kivy ] :: 2022-12-31 01:20:16,737 - GL: GLEW initialization succeeded
[INFO    ] [kivy ] :: 2022-12-31 01:20:16,737 - GL: Backend used <glew>
[INFO    ] [kivy ] :: 2022-12-31 01:20:16,738 - GL: OpenGL version <b'4.6.14800 Compatibility Profile Context 22.5.1 30.0.15021.11005'>
[INFO    ] [kivy ] :: 2022-12-31 01:20:16,738 - GL: OpenGL vendor <b'ATI Technologies Inc.'>
[INFO    ] [kivy ] :: 2022-12-31 01:20:16,738 - GL: OpenGL renderer <b'AMD Radeon RX 6700 XT'>
[INFO    ] [kivy ] :: 2022-12-31 01:20:16,738 - GL: OpenGL parsed version: 4, 6
[INFO    ] [kivy ] :: 2022-12-31 01:20:16,738 - GL: Shading version <b'4.60'>
[INFO    ] [kivy ] :: 2022-12-31 01:20:16,738 - GL: Texture max size <16384>
[INFO    ] [kivy ] :: 2022-12-31 01:20:16,738 - GL: Texture max units <32>
[INFO    ] [kivy ] :: 2022-12-31 01:20:16,744 - Window: auto add sdl2 input provider
[INFO    ] [kivy ] :: 2022-12-31 01:20:16,745 - Window: virtual keyboard not allowed, single mode, not docked
[INFO    ] [kivy ] :: 2022-12-31 01:20:16,754 - Text: Provider: sdl2
[INFO    ] [kivy ] :: 2022-12-31 01:20:16,763 - Starting Database
[INFO    ] [kivy ] :: 2022-12-31 01:20:16,763 - Connecting to user_db
[INFO    ] [kivy ] :: 2022-12-31 01:20:16,778 - GL: NPOT texture support is available
[INFO    ] [kivy ] :: 2022-12-31 01:20:16,934 - Base: Start application main loop
[INFO    ] [kivy ] :: 2022-12-31 01:20:18,488 - Creating AuthToken for  
[INFO    ] [kivy ] :: 2022-12-31 01:20:23,488 - Creating AuthToken for  
[INFO    ] [kivy ] :: 2022-12-31 01:20:29,029 - Base: Leaving application in progress...
