[INFO    ] [kivy ] :: 2022-12-31 00:57:43,391 - Factory: 190 symbols loaded
[INFO    ] [kivy ] :: 2022-12-31 00:57:43,469 - Image: Providers: img_tex, img_dds, img_sdl2, img_pil (img_ffpyplayer ignored)
[INFO    ] [kivy ] :: 2022-12-31 00:57:43,500 - Window: Provider: sdl2
[INFO    ] [kivy ] :: 2022-12-31 00:57:44,084 - GL: Using the "OpenGL" graphics system
[INFO    ] [kivy ] :: 2022-12-31 00:57:44,085 - GL: GLEW initialization succeeded
[INFO    ] [kivy ] :: 2022-12-31 00:57:44,085 - GL: Backend used <glew>
[INFO    ] [kivy ] :: 2022-12-31 00:57:44,086 - GL: OpenGL version <b'4.6.14800 Compatibility Profile Context 22.5.1 30.0.15021.11005'>
[INFO    ] [kivy ] :: 2022-12-31 00:57:44,086 - GL: OpenGL vendor <b'ATI Technologies Inc.'>
[INFO    ] [kivy ] :: 2022-12-31 00:57:44,086 - GL: OpenGL renderer <b'AMD Radeon RX 6700 XT'>
[INFO    ] [kivy ] :: 2022-12-31 00:57:44,087 - GL: OpenGL parsed version: 4, 6
[INFO    ] [kivy ] :: 2022-12-31 00:57:44,087 - GL: Shading version <b'4.60'>
[INFO    ] [kivy ] :: 2022-12-31 00:57:44,087 - GL: Texture max size <16384>
[INFO    ] [kivy ] :: 2022-12-31 00:57:44,087 - GL: Texture max units <32>
[INFO    ] [kivy ] :: 2022-12-31 00:57:44,093 - Window: auto add sdl2 input provider
[INFO    ] [kivy ] :: 2022-12-31 00:57:44,094 - Window: virtual keyboard not allowed, single mode, not docked
[INFO    ] [kivy ] :: 2022-12-31 00:57:44,103 - Text: Provider: sdl2
[INFO    ] [kivy ] :: 2022-12-31 00:57:44,112 - Starting Database
[INFO    ] [kivy ] :: 2022-12-31 00:57:44,112 - Connecting to user_db
[INFO    ] [kivy ] :: 2022-12-31 00:57:44,131 - GL: NPOT texture support is available
[INFO    ] [kivy ] :: 2022-12-31 00:57:44,290 - Base: Start application main loop
[INFO    ] [kivy ] :: 2022-12-31 00:58:23,651 - Base: Leaving application in progress...
