[INFO    ] [kivy ] :: 2022-12-31 01:19:53,246 - Factory: 190 symbols loaded
[INFO    ] [kivy ] :: 2022-12-31 01:19:53,324 - Image: Providers: img_tex, img_dds, img_sdl2, img_pil (img_ffpyplayer ignored)
[INFO    ] [kivy ] :: 2022-12-31 01:19:53,356 - Window: Provider: sdl2
[INFO    ] [kivy ] :: 2022-12-31 01:19:53,942 - GL: Using the "OpenGL" graphics system
[INFO    ] [kivy ] :: 2022-12-31 01:19:53,943 - GL: GLEW initialization succeeded
[INFO    ] [kivy ] :: 2022-12-31 01:19:53,943 - GL: Backend used <glew>
[INFO    ] [kivy ] :: 2022-12-31 01:19:53,944 - GL: OpenGL version <b'4.6.14800 Compatibility Profile Context 22.5.1 30.0.15021.11005'>
[INFO    ] [kivy ] :: 2022-12-31 01:19:53,944 - GL: OpenGL vendor <b'ATI Technologies Inc.'>
[INFO    ] [kivy ] :: 2022-12-31 01:19:53,944 - GL: OpenGL renderer <b'AMD Radeon RX 6700 XT'>
[INFO    ] [kivy ] :: 2022-12-31 01:19:53,944 - GL: OpenGL parsed version: 4, 6
[INFO    ] [kivy ] :: 2022-12-31 01:19:53,945 - GL: Shading version <b'4.60'>
[INFO    ] [kivy ] :: 2022-12-31 01:19:53,945 - GL: Texture max size <16384>
[INFO    ] [kivy ] :: 2022-12-31 01:19:53,945 - GL: Texture max units <32>
[INFO    ] [kivy ] :: 2022-12-31 01:19:53,951 - Window: auto add sdl2 input provider
[INFO    ] [kivy ] :: 2022-12-31 01:19:53,952 - Window: virtual keyboard not allowed, single mode, not docked
[INFO    ] [kivy ] :: 2022-12-31 01:19:53,961 - Text: Provider: sdl2
[INFO    ] [kivy ] :: 2022-12-31 01:19:53,970 - Starting Database
[INFO    ] [kivy ] :: 2022-12-31 01:19:53,970 - Connecting to user_db
[INFO    ] [kivy ] :: 2022-12-31 01:19:53,987 - GL: NPOT texture support is available
[INFO    ] [kivy ] :: 2022-12-31 01:19:54,143 - Base: Start application main loop
[INFO    ] [kivy ] :: 2022-12-31 01:19:54,854 - Creating AuthToken for  
[INFO    ] [kivy ] :: 2022-12-31 01:19:56,569 - Base: Leaving application in progress...
