[INFO    ] [kivy ] :: 2023-01-27 22:12:57,004 - Factory: 190 symbols loaded
[INFO    ] [kivy ] :: 2023-01-27 22:12:57,088 - Image: Providers: img_tex, img_dds, img_sdl2, img_pil (img_ffpyplayer ignored)
[INFO    ] [kivy ] :: 2023-01-27 22:12:57,122 - Window: Provider: sdl2
[INFO    ] [kivy ] :: 2023-01-27 22:12:57,636 - GL: Using the "OpenGL" graphics system
[INFO    ] [kivy ] :: 2023-01-27 22:12:57,637 - GL: GLEW initialization succeeded
[INFO    ] [kivy ] :: 2023-01-27 22:12:57,637 - GL: Backend used <glew>
[INFO    ] [kivy ] :: 2023-01-27 22:12:57,638 - GL: OpenGL version <b'4.6.14800 Compatibility Profile Context 22.5.1 30.0.15021.11005'>
[INFO    ] [kivy ] :: 2023-01-27 22:12:57,638 - GL: OpenGL vendor <b'ATI Technologies Inc.'>
[INFO    ] [kivy ] :: 2023-01-27 22:12:57,638 - GL: OpenGL renderer <b'AMD Radeon RX 6700 XT'>
[INFO    ] [kivy ] :: 2023-01-27 22:12:57,638 - GL: OpenGL parsed version: 4, 6
[INFO    ] [kivy ] :: 2023-01-27 22:12:57,638 - GL: Shading version <b'4.60'>
[INFO    ] [kivy ] :: 2023-01-27 22:12:57,638 - GL: Texture max size <16384>
[INFO    ] [kivy ] :: 2023-01-27 22:12:57,639 - GL: Texture max units <32>
[INFO    ] [kivy ] :: 2023-01-27 22:12:57,644 - Window: auto add sdl2 input provider
[INFO    ] [kivy ] :: 2023-01-27 22:12:57,645 - Window: virtual keyboard not allowed, single mode, not docked
[INFO    ] [kivy ] :: 2023-01-27 22:12:57,655 - Text: Provider: sdl2
[INFO    ] [kivy ] :: 2023-01-27 22:12:57,668 - Starting Database
[INFO    ] [kivy ] :: 2023-01-27 22:12:57,685 - GL: NPOT texture support is available
[INFO    ] [kivy ] :: 2023-01-27 22:12:57,858 - Base: Start application main loop
[INFO    ] [kivy ] :: 2023-01-27 22:15:31,585 - Creating AuthToken for jacob
[INFO    ] [kivy ] :: 2023-01-27 22:15:31,589 - Finding user
[INFO    ] [kivy ] :: 2023-01-27 22:15:31,589 - Writing new user entry
[INFO    ] [kivy ] :: 2023-01-27 22:15:31,589 - Finding user
[INFO    ] [kivy ] :: 2023-01-27 22:22:32,512 - Creating AuthToken for jacob
[INFO    ] [kivy ] :: 2023-01-27 22:22:32,516 - Finding user
[INFO    ] [kivy ] :: 2023-01-27 22:22:50,953 - Creating AuthToken for jacob1
[INFO    ] [kivy ] :: 2023-01-27 22:22:50,957 - Finding user
[INFO    ] [kivy ] :: 2023-01-27 22:22:50,957 - Writing new user entry
[INFO    ] [kivy ] :: 2023-01-27 22:22:50,957 - Finding user
[INFO    ] [kivy ] :: 2023-01-27 22:22:58,451 - Base: Leaving application in progress...
